E, [2014-09-09T15:15:07.083390 #63866] ERROR -- : [SKYLIGHT] [0.3.20] The Skylight native extension for your platform wasn't found. The monitoring portion of Skylight is only supported on production servers running 32- or 64-bit Linux. The missing extension will not affect the functioning of your application and you can continue local development without data being reported. If you are on a supported platform, please contact support at support@skylight.io.
/Users/frey/.rvm/gems/ruby-2.0.0-p353/gems/activerecord-4.0.4/lib/active_record/dynamic_matchers.rb:22:in `method_missing': undefined method `size' for Statistic (call 'Statistic.connection' to establish a connection):Class (NoMethodError)
	from /Users/frey/frails/nick/app/models/statistic.rb:4:in `tweet'
	from /Users/frey/.rvm/gems/ruby-2.0.0-p353/gems/railties-4.0.4/lib/rails/commands/runner.rb:53:in `<top (required)>'
	from /Users/frey/.rvm/gems/ruby-2.0.0-p353/gems/railties-4.0.4/lib/rails/commands/runner.rb:53:in `eval'
	from /Users/frey/.rvm/gems/ruby-2.0.0-p353/gems/railties-4.0.4/lib/rails/commands/runner.rb:53:in `<top (required)>'
	from /Users/frey/.rvm/gems/ruby-2.0.0-p353/gems/railties-4.0.4/lib/rails/commands.rb:84:in `require'
	from /Users/frey/.rvm/gems/ruby-2.0.0-p353/gems/railties-4.0.4/lib/rails/commands.rb:84:in `<top (required)>'
	from bin/rails:4:in `require'
	from bin/rails:4:in `<main>'
E, [2014-09-09T15:20:07.164828 #65482] ERROR -- : [SKYLIGHT] [0.3.20] The Skylight native extension for your platform wasn't found. The monitoring portion of Skylight is only supported on production servers running 32- or 64-bit Linux. The missing extension will not affect the functioning of your application and you can continue local development without data being reported. If you are on a supported platform, please contact support at support@skylight.io.
/Users/frey/.rvm/gems/ruby-2.0.0-p353/gems/activerecord-4.0.4/lib/active_record/dynamic_matchers.rb:22:in `method_missing': undefined method `size' for Statistic (call 'Statistic.connection' to establish a connection):Class (NoMethodError)
	from /Users/frey/frails/nick/app/models/statistic.rb:4:in `tweet'
	from /Users/frey/.rvm/gems/ruby-2.0.0-p353/gems/railties-4.0.4/lib/rails/commands/runner.rb:53:in `<top (required)>'
	from /Users/frey/.rvm/gems/ruby-2.0.0-p353/gems/railties-4.0.4/lib/rails/commands/runner.rb:53:in `eval'
	from /Users/frey/.rvm/gems/ruby-2.0.0-p353/gems/railties-4.0.4/lib/rails/commands/runner.rb:53:in `<top (required)>'
	from /Users/frey/.rvm/gems/ruby-2.0.0-p353/gems/railties-4.0.4/lib/rails/commands.rb:84:in `require'
	from /Users/frey/.rvm/gems/ruby-2.0.0-p353/gems/railties-4.0.4/lib/rails/commands.rb:84:in `<top (required)>'
	from bin/rails:4:in `require'
	from bin/rails:4:in `<main>'
